<?xml version="1.0" encoding="UTF-8"?>
<!-- Generated by org.testng.reporters.JUnitXMLReporter -->
<testsuite ignored="2" hostname="LAPTOP-B44045F1" failures="0" tests="1" name="Default test" time="9.454" errors="0" timestamp="2024-06-04T11:07:35 IST">
  <testcase classname="com.sinoka.groupmodule.create_Group_Module" name="assignGroupPermissionTest" time="2.389"/>
  <testcase classname="com.sinoka.groupmodule.create_Group_Module" name="DeleteGroupTest" time="0.0">
    <ignored/>
  </testcase> <!-- DeleteGroupTest -->
  <testcase classname="com.sinoka.groupmodule.create_Group_Module" name="createGroupTest" time="0.0">
    <ignored/>
  </testcase> <!-- createGroupTest -->
</testsuite> <!-- Default test -->
