<?xml version="1.0" encoding="UTF-8"?>
<!-- Generated by org.testng.reporters.JUnitXMLReporter -->
<testsuite ignored="6" hostname="LAPTOP-B44045F1" failures="0" tests="2" name="Test" time="20.595" errors="0" timestamp="2024-06-04T11:14:44 IST">
  <testcase classname="com.sinoka.groupmodule.create_Group_Module" name="createGroupTest" time="1.443"/>
  <testcase classname="com.sinoka.usermodule.create_User_Module" name="mappingUserToGroupTest" time="8.859"/>
  <testcase classname="com.sinoka.erp.generic.baseutility.BaseClass" name="@AfterSuite configAs" time="0.0">
    <ignored/>
  </testcase> <!-- @AfterSuite configAs -->
  <testcase classname="com.sinoka.groupmodule.create_Group_Module" name="assignGroupPermissionTest" time="0.0">
    <ignored/>
  </testcase> <!-- assignGroupPermissionTest -->
  <testcase classname="com.sinoka.groupmodule.create_Group_Module" name="DeleteGroupTest" time="0.0">
    <ignored/>
  </testcase> <!-- DeleteGroupTest -->
  <testcase classname="com.sinoka.usermodule.create_User_Module" name="createUserTest" time="0.0">
    <ignored/>
  </testcase> <!-- createUserTest -->
  <testcase classname="com.sinoka.usermodule.create_User_Module" name="disableUser" time="0.0">
    <ignored/>
  </testcase> <!-- disableUser -->
  <testcase classname="com.sinoka.erp.generic.baseutility.BaseClass" name="@BeforeSuite configBs" time="0.0">
    <ignored/>
  </testcase> <!-- @BeforeSuite configBs -->
</testsuite> <!-- Test -->
