<?xml version="1.0" encoding="UTF-8"?>
<!-- Generated by org.testng.reporters.JUnitXMLReporter -->
<testsuite ignored="2" hostname="LAPTOP-B44045F1" failures="0" tests="6" name="Test1" time="50.185" errors="0" timestamp="2024-06-04T11:27:33 IST">
  <testcase classname="com.sinoka.groupmodule.create_Group_Module" name="DeleteGroupTest" time="2.373"/>
  <testcase classname="com.sinoka.groupmodule.create_Group_Module" name="assignGroupPermissionTest" time="4.432"/>
  <testcase classname="com.sinoka.groupmodule.create_Group_Module" name="createGroupTest" time="4.267"/>
  <testcase classname="com.sinoka.usermodule.create_User_Module" name="createUserTest" time="1.964"/>
  <testcase classname="com.sinoka.usermodule.create_User_Module" name="disableUser" time="4.05"/>
  <testcase classname="com.sinoka.usermodule.create_User_Module" name="mappingUserToGroupTest" time="8.35"/>
  <testcase classname="com.sinoka.erp.generic.baseutility.BaseClass" name="@BeforeSuite configBs" time="0.0">
    <ignored/>
  </testcase> <!-- @BeforeSuite configBs -->
  <testcase classname="com.sinoka.erp.generic.baseutility.BaseClass" name="@AfterSuite configAs" time="0.0">
    <ignored/>
  </testcase> <!-- @AfterSuite configAs -->
</testsuite> <!-- Test1 -->
