<?xml version="1.0" encoding="UTF-8"?>
<!-- Generated by org.testng.reporters.JUnitXMLReporter -->
<testsuite ignored="2" hostname="LAPTOP-B44045F1" failures="0" tests="6" name="Test2" time="93.345" errors="0" timestamp="2024-06-04T11:28:16 IST">
  <testcase classname="com.sinoka.groupmodule.create_Group_Module" name="DeleteGroupTest" time="2.979"/>
  <testcase classname="com.sinoka.groupmodule.create_Group_Module" name="assignGroupPermissionTest" time="2.361"/>
  <testcase classname="com.sinoka.groupmodule.create_Group_Module" name="createGroupTest" time="1.342"/>
  <testcase classname="com.sinoka.usermodule.create_User_Module" name="createUserTest" time="4.242"/>
  <testcase classname="com.sinoka.usermodule.create_User_Module" name="disableUser" time="0.0">
    <skipped/>
  </testcase> <!-- disableUser -->
  <testcase classname="com.sinoka.usermodule.create_User_Module" name="mappingUserToGroupTest" time="0.0">
    <skipped/>
  </testcase> <!-- mappingUserToGroupTest -->
  <testcase classname="com.sinoka.erp.generic.baseutility.BaseClass" name="@BeforeSuite configBs" time="0.0">
    <ignored/>
  </testcase> <!-- @BeforeSuite configBs -->
  <testcase classname="com.sinoka.erp.generic.baseutility.BaseClass" name="@AfterSuite configAs" time="0.0">
    <ignored/>
  </testcase> <!-- @AfterSuite configAs -->
</testsuite> <!-- Test2 -->
